<?xml version="1.0" encoding="UTF-8"?>
<!-- Generated by org.testng.reporters.JUnitReportReporter -->
<testsuite skipped="0" hostname="DESKTOP-SDHJL4S" name="com.Niki_Old.TestCases.Login" tests="19" failures="0" timestamp="03 Sep 2019 11:05:53 GMT" time="238.776" errors="0">
  <testcase name="verifyReEnterPhNo" time="18.255" classname="com.Niki_Old.TestCases.Login"/>
  <testcase name="verifyCorrectOTP" time="13.780" classname="com.Niki_Old.TestCases.Login"/>
  <testcase name="verifyGetOtpCallBtn" time="35.114" classname="com.Niki_Old.TestCases.Login"/>
  <testcase name="verifySubmitBtnEnable" time="0.531" classname="com.Niki_Old.TestCases.Login"/>
  <testcase name="verifyHomePage" time="5.302" classname="com.Niki_Old.TestCases.Login"/>
  <testcase name="verifyLocationAllowBtn" time="24.334" classname="com.Niki_Old.TestCases.Login"/>
  <testcase name="verifyClickEditSymbol" time="0.651" classname="com.Niki_Old.TestCases.Login"/>
  <testcase name="verifyCallingYou" time="0.915" classname="com.Niki_Old.TestCases.Login"/>
  <testcase name="verifyTroubleSignLink" time="9.078" classname="com.Niki_Old.TestCases.Login"/>
  <testcase name="verifyAllowAppPopup" time="68.234" classname="com.Niki_Old.TestCases.Login"/>
  <testcase name="verifyOTPEnterPageHeader" time="1.838" classname="com.Niki_Old.TestCases.Login"/>
  <testcase name="verifyGetStartedScreen" time="3.189" classname="com.Niki_Old.TestCases.Login"/>
  <testcase name="verifyLanguageLelection" time="2.807" classname="com.Niki_Old.TestCases.Login"/>
  <testcase name="verifyDeviceLocationPopup" time="0.769" classname="com.Niki_Old.TestCases.Login"/>
  <testcase name="verifyClickSubmitBtn" time="0.197" classname="com.Niki_Old.TestCases.Login"/>
  <testcase name="verifyNonNumericOTP" time="10.419" classname="com.Niki_Old.TestCases.Login"/>
  <testcase name="verifyValidPhoneNumberEntry" time="11.635" classname="com.Niki_Old.TestCases.Login"/>
  <testcase name="verifyWrongOTP" time="11.664" classname="com.Niki_Old.TestCases.Login"/>
  <testcase name="verifyTextBoxEditable" time="20.064" classname="com.Niki_Old.TestCases.Login"/>
</testsuite> <!-- com.Niki_Old.TestCases.Login -->
