<?xml version="1.0" encoding="UTF-8"?>
<!-- Generated by org.testng.reporters.JUnitReportReporter -->
<testsuite skipped="0" hostname="DESKTOP-SDHJL4S" name="com.Niki_Old.TestCases.Login" tests="11" failures="0" timestamp="03 Sep 2019 05:44:07 GMT" time="97.682" errors="0">
  <testcase name="verifyHomePage" time="5.192" classname="com.Niki_Old.TestCases.Login"/>
  <testcase name="verifyLanguageLelection" time="2.864" classname="com.Niki_Old.TestCases.Login"/>
  <testcase name="verifyTextBoxEditable" time="24.618" classname="com.Niki_Old.TestCases.Login"/>
  <testcase name="verifyValidPhoneNumberEntry" time="11.740" classname="com.Niki_Old.TestCases.Login"/>
  <testcase name="verifySubmitBtnEnable" time="0.568" classname="com.Niki_Old.TestCases.Login"/>
  <testcase name="verifyClickSubmitBtn" time="0.190" classname="com.Niki_Old.TestCases.Login"/>
  <testcase name="verifyOTPEnterPageHeader" time="1.819" classname="com.Niki_Old.TestCases.Login"/>
  <testcase name="verifyGetOtpCallBtn" time="35.094" classname="com.Niki_Old.TestCases.Login"/>
  <testcase name="verifyCallingYou" time="0.864" classname="com.Niki_Old.TestCases.Login"/>
  <testcase name="verifyTroubleSignLink" time="9.064" classname="com.Niki_Old.TestCases.Login"/>
  <testcase name="verifyWrongOTP" time="5.669" classname="com.Niki_Old.TestCases.Login"/>
</testsuite> <!-- com.Niki_Old.TestCases.Login -->
